1497589933857	geckodriver	INFO	Listening on 127.0.0.1:34521
1497589935057	geckodriver::marionette	INFO	Starting browser /usr/bin/firefox with args ["-marionette"]

(firefox:23746): Gtk-WARNING **: Theme parsing error: gtk-widgets.css:2045:14: 'min-height' is not a valid property name

(firefox:23746): Gtk-WARNING **: Theme parsing error: gtk-widgets.css:2046:13: 'min-width' is not a valid property name

(firefox:23746): Gtk-WARNING **: Theme parsing error: gtk-widgets.css:2051:13: 'min-width' is not a valid property name

(/usr/lib/firefox/firefox:23810): Gtk-WARNING **: Theme parsing error: gtk-widgets.css:2045:14: 'min-height' is not a valid property name

(/usr/lib/firefox/firefox:23810): Gtk-WARNING **: Theme parsing error: gtk-widgets.css:2046:13: 'min-width' is not a valid property name

(/usr/lib/firefox/firefox:23810): Gtk-WARNING **: Theme parsing error: gtk-widgets.css:2051:13: 'min-width' is not a valid property name
1497589939405	Marionette	INFO	Listening on port 45649
1497589939553	Marionette	WARN	TLS certificate errors will be ignored for this session
*************************
A coding exception was thrown and uncaught in a Task.

Full message: TypeError: NetworkError when attempting to fetch resource.
Full stack: 
*************************
JavaScript error: resource://gre/modules/LoginManagerParent.jsm, line 75: TypeError: this._recipeManager is null
1497681122454	geckodriver	INFO	Listening on 127.0.0.1:43257
1497681123648	geckodriver::marionette	INFO	Starting browser /usr/bin/firefox with args ["-marionette"]

(firefox:3224): Gtk-WARNING **: Theme parsing error: gtk-widgets.css:2045:14: 'min-height' is not a valid property name

(firefox:3224): Gtk-WARNING **: Theme parsing error: gtk-widgets.css:2046:13: 'min-width' is not a valid property name

(firefox:3224): Gtk-WARNING **: Theme parsing error: gtk-widgets.css:2051:13: 'min-width' is not a valid property name

(/usr/lib/firefox/firefox:3287): Gtk-WARNING **: Theme parsing error: gtk-widgets.css:2045:14: 'min-height' is not a valid property name

(/usr/lib/firefox/firefox:3287): Gtk-WARNING **: Theme parsing error: gtk-widgets.css:2046:13: 'min-width' is not a valid property name

(/usr/lib/firefox/firefox:3287): Gtk-WARNING **: Theme parsing error: gtk-widgets.css:2051:13: 'min-width' is not a valid property name
1497681127690	Marionette	INFO	Listening on port 44697
1497681128069	Marionette	WARN	TLS certificate errors will be ignored for this session
*************************
A coding exception was thrown and uncaught in a Task.

Full message: TypeError: NetworkError when attempting to fetch resource.
Full stack: 
*************************
1497681665740	geckodriver	INFO	Listening on 127.0.0.1:50519
1497681666821	geckodriver::marionette	INFO	Starting browser /usr/bin/firefox with args ["-marionette"]

(firefox:3577): Gtk-WARNING **: Theme parsing error: gtk-widgets.css:2045:14: 'min-height' is not a valid property name

(firefox:3577): Gtk-WARNING **: Theme parsing error: gtk-widgets.css:2046:13: 'min-width' is not a valid property name

(firefox:3577): Gtk-WARNING **: Theme parsing error: gtk-widgets.css:2051:13: 'min-width' is not a valid property name

(/usr/lib/firefox/firefox:3641): Gtk-WARNING **: Theme parsing error: gtk-widgets.css:2045:14: 'min-height' is not a valid property name

(/usr/lib/firefox/firefox:3641): Gtk-WARNING **: Theme parsing error: gtk-widgets.css:2046:13: 'min-width' is not a valid property name

(/usr/lib/firefox/firefox:3641): Gtk-WARNING **: Theme parsing error: gtk-widgets.css:2051:13: 'min-width' is not a valid property name
1497681670499	Marionette	INFO	Listening on port 33243
1497681670541	Marionette	WARN	TLS certificate errors will be ignored for this session
1497681714410	geckodriver	INFO	Listening on 127.0.0.1:35853
1497681715496	geckodriver::marionette	INFO	Starting browser /usr/bin/firefox with args ["-marionette"]

(firefox:3719): Gtk-WARNING **: Theme parsing error: gtk-widgets.css:2045:14: 'min-height' is not a valid property name

(firefox:3719): Gtk-WARNING **: Theme parsing error: gtk-widgets.css:2046:13: 'min-width' is not a valid property name

(firefox:3719): Gtk-WARNING **: Theme parsing error: gtk-widgets.css:2051:13: 'min-width' is not a valid property name

(/usr/lib/firefox/firefox:3787): Gtk-WARNING **: Theme parsing error: gtk-widgets.css:2045:14: 'min-height' is not a valid property name

(/usr/lib/firefox/firefox:3787): Gtk-WARNING **: Theme parsing error: gtk-widgets.css:2046:13: 'min-width' is not a valid property name

(/usr/lib/firefox/firefox:3787): Gtk-WARNING **: Theme parsing error: gtk-widgets.css:2051:13: 'min-width' is not a valid property name
1497681719177	Marionette	INFO	Listening on port 39297
1497681719332	Marionette	WARN	TLS certificate errors will be ignored for this session
JavaScript error: resource://gre/modules/LoginManagerParent.jsm, line 75: TypeError: this._recipeManager is null
JavaScript error: resource://gre/modules/LoginManagerParent.jsm, line 75: TypeError: this._recipeManager is null
*************************
A coding exception was thrown and uncaught in a Task.

Full message: TypeError: NetworkError when attempting to fetch resource.
Full stack: 
*************************
1497682206036	geckodriver	INFO	Listening on 127.0.0.1:47357
1497682207134	geckodriver::marionette	INFO	Starting browser /usr/bin/firefox with args ["-marionette"]

(firefox:3992): Gtk-WARNING **: Theme parsing error: gtk-widgets.css:2045:14: 'min-height' is not a valid property name

(firefox:3992): Gtk-WARNING **: Theme parsing error: gtk-widgets.css:2046:13: 'min-width' is not a valid property name

(firefox:3992): Gtk-WARNING **: Theme parsing error: gtk-widgets.css:2051:13: 'min-width' is not a valid property name

(/usr/lib/firefox/firefox:4054): Gtk-WARNING **: Theme parsing error: gtk-widgets.css:2045:14: 'min-height' is not a valid property name

(/usr/lib/firefox/firefox:4054): Gtk-WARNING **: Theme parsing error: gtk-widgets.css:2046:13: 'min-width' is not a valid property name

(/usr/lib/firefox/firefox:4054): Gtk-WARNING **: Theme parsing error: gtk-widgets.css:2051:13: 'min-width' is not a valid property name
1497682210800	Marionette	INFO	Listening on port 45545
1497682210856	Marionette	WARN	TLS certificate errors will be ignored for this session
*************************
A coding exception was thrown and uncaught in a Task.

Full message: TypeError: NetworkError when attempting to fetch resource.
Full stack: 
*************************
*************************
A coding exception was thrown and uncaught in a Task.

Full message: TypeError: NetworkError when attempting to fetch resource.
Full stack: 
*************************
1497685045511	geckodriver	INFO	Listening on 127.0.0.1:59221
1497685046593	geckodriver::marionette	INFO	Starting browser /usr/bin/firefox with args ["-marionette"]

(firefox:4744): Gtk-WARNING **: Theme parsing error: gtk-widgets.css:2045:14: 'min-height' is not a valid property name

(firefox:4744): Gtk-WARNING **: Theme parsing error: gtk-widgets.css:2046:13: 'min-width' is not a valid property name

(firefox:4744): Gtk-WARNING **: Theme parsing error: gtk-widgets.css:2051:13: 'min-width' is not a valid property name

(/usr/lib/firefox/firefox:4809): Gtk-WARNING **: Theme parsing error: gtk-widgets.css:2045:14: 'min-height' is not a valid property name

(/usr/lib/firefox/firefox:4809): Gtk-WARNING **: Theme parsing error: gtk-widgets.css:2046:13: 'min-width' is not a valid property name

(/usr/lib/firefox/firefox:4809): Gtk-WARNING **: Theme parsing error: gtk-widgets.css:2051:13: 'min-width' is not a valid property name
1497685050378	Marionette	INFO	Listening on port 33149
1497685050420	Marionette	WARN	TLS certificate errors will be ignored for this session
JavaScript warning: resource://gre/modules/commonjs/toolkit/loader.js -> resource://devtools/client/shared/demangle.js, line 0: Successfully compiled asm.js code (total compilation time 72ms; unable to cache asm.js in synchronous scripts; try loading asm.js via <script async> or createElement('script'))
*************************
A coding exception was thrown and uncaught in a Task.

Full message: TypeError: NetworkError when attempting to fetch resource.
Full stack: 
*************************
JavaScript error: resource://gre/modules/LoginManagerParent.jsm, line 75: TypeError: this._recipeManager is null
1497687095935	geckodriver	INFO	Listening on 127.0.0.1:37619
1497687097019	geckodriver::marionette	INFO	Starting browser /usr/bin/firefox with args ["-marionette"]

(firefox:5236): Gtk-WARNING **: Theme parsing error: gtk-widgets.css:2045:14: 'min-height' is not a valid property name

(firefox:5236): Gtk-WARNING **: Theme parsing error: gtk-widgets.css:2046:13: 'min-width' is not a valid property name

(firefox:5236): Gtk-WARNING **: Theme parsing error: gtk-widgets.css:2051:13: 'min-width' is not a valid property name

(/usr/lib/firefox/firefox:5297): Gtk-WARNING **: Theme parsing error: gtk-widgets.css:2045:14: 'min-height' is not a valid property name

(/usr/lib/firefox/firefox:5297): Gtk-WARNING **: Theme parsing error: gtk-widgets.css:2046:13: 'min-width' is not a valid property name

(/usr/lib/firefox/firefox:5297): Gtk-WARNING **: Theme parsing error: gtk-widgets.css:2051:13: 'min-width' is not a valid property name
1497687100860	Marionette	INFO	Listening on port 43583
1497687100936	Marionette	WARN	TLS certificate errors will be ignored for this session
console.error: 
  Protocol error (noSuchActor): No such actor for ID: server1.conn0.child1/memoryActor12
*************************
A coding exception was thrown and uncaught in a Task.

Full message: TypeError: NetworkError when attempting to fetch resource.
Full stack: 
*************************
1497690025668	geckodriver	INFO	Listening on 127.0.0.1:60391
1497690026755	geckodriver::marionette	INFO	Starting browser /usr/bin/firefox with args ["-marionette"]

(firefox:6872): Gtk-WARNING **: Theme parsing error: gtk-widgets.css:2045:14: 'min-height' is not a valid property name

(firefox:6872): Gtk-WARNING **: Theme parsing error: gtk-widgets.css:2046:13: 'min-width' is not a valid property name

(firefox:6872): Gtk-WARNING **: Theme parsing error: gtk-widgets.css:2051:13: 'min-width' is not a valid property name

(/usr/lib/firefox/firefox:6935): Gtk-WARNING **: Theme parsing error: gtk-widgets.css:2045:14: 'min-height' is not a valid property name

(/usr/lib/firefox/firefox:6935): Gtk-WARNING **: Theme parsing error: gtk-widgets.css:2046:13: 'min-width' is not a valid property name

(/usr/lib/firefox/firefox:6935): Gtk-WARNING **: Theme parsing error: gtk-widgets.css:2051:13: 'min-width' is not a valid property name
1497690030575	Marionette	INFO	Listening on port 37425
1497690030692	Marionette	WARN	TLS certificate errors will be ignored for this session
Handler function NetworkEventActorProxy.addSecurityInfo threw an exception: [Exception... "Component returned failure code: 0xc1f30001 (NS_ERROR_NOT_INITIALIZED) [nsIMessageSender.sendAsyncMessage]"  nsresult: "0xc1f30001 (NS_ERROR_NOT_INITIALIZED)"  location: "JS frame :: resource://gre/modules/commonjs/toolkit/loader.js -> resource://devtools/shared/webconsole/network-monitor.js :: NetworkEventActorProxy.methodFactory/< :: line 1670"  data: no]
Stack: NetworkEventActorProxy.methodFactory/<@resource://gre/modules/commonjs/toolkit/loader.js -> resource://devtools/shared/webconsole/network-monitor.js:1670:5
exports.makeInfallible/<@resource://gre/modules/commonjs/toolkit/loader.js -> resource://devtools/shared/ThreadSafeDevToolsUtils.js:101:14
NetworkResponseListener.prototype._getSecurityInfo<@resource://gre/modules/commonjs/toolkit/loader.js -> resource://devtools/shared/webconsole/network-monitor.js:495:5
exports.makeInfallible/<@resource://gre/modules/commonjs/toolkit/loader.js -> resource://devtools/shared/ThreadSafeDevToolsUtils.js:101:14
onStartRequest@resource://gre/modules/commonjs/toolkit/loader.js -> resource://devtools/shared/webconsole/network-monitor.js:436:5
Line: 1670, column: 0
console.error: 
  Handler function NetworkEventActorProxy.addSecurityInfo threw an exception: [Exception... "Component returned failure code: 0xc1f30001 (NS_ERROR_NOT_INITIALIZED) [nsIMessageSender.sendAsyncMessage]"  nsresult: "0xc1f30001 (NS_ERROR_NOT_INITIALIZED)"  location: "JS frame :: resource://gre/modules/commonjs/toolkit/loader.js -> resource://devtools/shared/webconsole/network-monitor.js :: NetworkEventActorProxy.methodFactory/< :: line 1670"  data: no]
Stack: NetworkEventActorProxy.methodFactory/<@resource://gre/modules/commonjs/toolkit/loader.js -> resource://devtools/shared/webconsole/network-monitor.js:1670:5
exports.makeInfallible/<@resource://gre/modules/commonjs/toolkit/loader.js -> resource://devtools/shared/ThreadSafeDevToolsUtils.js:101:14
NetworkResponseListener.prototype._getSecurityInfo<@resource://gre/modules/commonjs/toolkit/loader.js -> resource://devtools/shared/webconsole/network-monitor.js:495:5
exports.makeInfallible/<@resource://gre/modules/commonjs/toolkit/loader.js -> resource://devtools/shared/ThreadSafeDevToolsUtils.js:101:14
onStartRequest@resource://gre/modules/commonjs/toolkit/loader.js -> resource://devtools/shared/webconsole/network-monitor.js:436:5
Line: 1670, column: 0
Handler function NetworkEventActorProxy.addSecurityInfo threw an exception: [Exception... "Component returned failure code: 0xc1f30001 (NS_ERROR_NOT_INITIALIZED) [nsIMessageSender.sendAsyncMessage]"  nsresult: "0xc1f30001 (NS_ERROR_NOT_INITIALIZED)"  location: "JS frame :: resource://gre/modules/commonjs/toolkit/loader.js -> resource://devtools/shared/webconsole/network-monitor.js :: NetworkEventActorProxy.methodFactory/< :: line 1670"  data: no]
Stack: NetworkEventActorProxy.methodFactory/<@resource://gre/modules/commonjs/toolkit/loader.js -> resource://devtools/shared/webconsole/network-monitor.js:1670:5
exports.makeInfallible/<@resource://gre/modules/commonjs/toolkit/loader.js -> resource://devtools/shared/ThreadSafeDevToolsUtils.js:101:14
NetworkResponseListener.prototype._getSecurityInfo<@resource://gre/modules/commonjs/toolkit/loader.js -> resource://devtools/shared/webconsole/network-monitor.js:495:5
exports.makeInfallible/<@resource://gre/modules/commonjs/toolkit/loader.js -> resource://devtools/shared/ThreadSafeDevToolsUtils.js:101:14
onStartRequest@resource://gre/modules/commonjs/toolkit/loader.js -> resource://devtools/shared/webconsole/network-monitor.js:436:5
Line: 1670, column: 0
console.error: 
  Handler function NetworkEventActorProxy.addSecurityInfo threw an exception: [Exception... "Component returned failure code: 0xc1f30001 (NS_ERROR_NOT_INITIALIZED) [nsIMessageSender.sendAsyncMessage]"  nsresult: "0xc1f30001 (NS_ERROR_NOT_INITIALIZED)"  location: "JS frame :: resource://gre/modules/commonjs/toolkit/loader.js -> resource://devtools/shared/webconsole/network-monitor.js :: NetworkEventActorProxy.methodFactory/< :: line 1670"  data: no]
Stack: NetworkEventActorProxy.methodFactory/<@resource://gre/modules/commonjs/toolkit/loader.js -> resource://devtools/shared/webconsole/network-monitor.js:1670:5
exports.makeInfallible/<@resource://gre/modules/commonjs/toolkit/loader.js -> resource://devtools/shared/ThreadSafeDevToolsUtils.js:101:14
NetworkResponseListener.prototype._getSecurityInfo<@resource://gre/modules/commonjs/toolkit/loader.js -> resource://devtools/shared/webconsole/network-monitor.js:495:5
exports.makeInfallible/<@resource://gre/modules/commonjs/toolkit/loader.js -> resource://devtools/shared/ThreadSafeDevToolsUtils.js:101:14
onStartRequest@resource://gre/modules/commonjs/toolkit/loader.js -> resource://devtools/shared/webconsole/network-monitor.js:436:5
Line: 1670, column: 0
Handler function NetworkEventActorProxy.addResponseContent threw an exception: [Exception... "Component returned failure code: 0xc1f30001 (NS_ERROR_NOT_INITIALIZED) [nsIMessageSender.sendAsyncMessage]"  nsresult: "0xc1f30001 (NS_ERROR_NOT_INITIALIZED)"  location: "JS frame :: resource://gre/modules/commonjs/toolkit/loader.js -> resource://devtools/shared/webconsole/network-monitor.js :: NetworkEventActorProxy.methodFactory/< :: line 1670"  data: no]
Stack: NetworkEventActorProxy.methodFactory/<@resource://gre/modules/commonjs/toolkit/loader.js -> resource://devtools/shared/webconsole/network-monitor.js:1670:5
exports.makeInfallible/<@resource://gre/modules/commonjs/toolkit/loader.js -> resource://devtools/shared/ThreadSafeDevToolsUtils.js:101:14
_onComplete@resource://gre/modules/commonjs/toolkit/loader.js -> resource://devtools/shared/webconsole/network-monitor.js:628:5
onStreamClose@resource://gre/modules/commonjs/toolkit/loader.js -> resource://devtools/shared/webconsole/network-monitor.js:585:7
onInputStreamReady@resource://gre/modules/commonjs/toolkit/loader.js -> resource://devtools/shared/webconsole/network-monitor.js:676:7
Line: 1670, column: 0
console.error: 
  Handler function NetworkEventActorProxy.addResponseContent threw an exception: [Exception... "Component returned failure code: 0xc1f30001 (NS_ERROR_NOT_INITIALIZED) [nsIMessageSender.sendAsyncMessage]"  nsresult: "0xc1f30001 (NS_ERROR_NOT_INITIALIZED)"  location: "JS frame :: resource://gre/modules/commonjs/toolkit/loader.js -> resource://devtools/shared/webconsole/network-monitor.js :: NetworkEventActorProxy.methodFactory/< :: line 1670"  data: no]
Stack: NetworkEventActorProxy.methodFactory/<@resource://gre/modules/commonjs/toolkit/loader.js -> resource://devtools/shared/webconsole/network-monitor.js:1670:5
exports.makeInfallible/<@resource://gre/modules/commonjs/toolkit/loader.js -> resource://devtools/shared/ThreadSafeDevToolsUtils.js:101:14
_onComplete@resource://gre/modules/commonjs/toolkit/loader.js -> resource://devtools/shared/webconsole/network-monitor.js:628:5
onStreamClose@resource://gre/modules/commonjs/toolkit/loader.js -> resource://devtools/shared/webconsole/network-monitor.js:585:7
onInputStreamReady@resource://gre/modules/commonjs/toolkit/loader.js -> resource://devtools/shared/webconsole/network-monitor.js:676:7
Line: 1670, column: 0
Handler function NetworkEventActorProxy.addResponseContent threw an exception: [Exception... "Component returned failure code: 0xc1f30001 (NS_ERROR_NOT_INITIALIZED) [nsIMessageSender.sendAsyncMessage]"  nsresult: "0xc1f30001 (NS_ERROR_NOT_INITIALIZED)"  location: "JS frame :: resource://gre/modules/commonjs/toolkit/loader.js -> resource://devtools/shared/webconsole/network-monitor.js :: NetworkEventActorProxy.methodFactory/< :: line 1670"  data: no]
Stack: NetworkEventActorProxy.methodFactory/<@resource://gre/modules/commonjs/toolkit/loader.js -> resource://devtools/shared/webconsole/network-monitor.js:1670:5
exports.makeInfallible/<@resource://gre/modules/commonjs/toolkit/loader.js -> resource://devtools/shared/ThreadSafeDevToolsUtils.js:101:14
_onComplete@resource://gre/modules/commonjs/toolkit/loader.js -> resource://devtools/shared/webconsole/network-monitor.js:628:5
onStreamClose@resource://gre/modules/commonjs/toolkit/loader.js -> resource://devtools/shared/webconsole/network-monitor.js:585:7
onInputStreamReady@resource://gre/modules/commonjs/toolkit/loader.js -> resource://devtools/shared/webconsole/network-monitor.js:676:7
Line: 1670, column: 0
console.error: 
  Handler function NetworkEventActorProxy.addResponseContent threw an exception: [Exception... "Component returned failure code: 0xc1f30001 (NS_ERROR_NOT_INITIALIZED) [nsIMessageSender.sendAsyncMessage]"  nsresult: "0xc1f30001 (NS_ERROR_NOT_INITIALIZED)"  location: "JS frame :: resource://gre/modules/commonjs/toolkit/loader.js -> resource://devtools/shared/webconsole/network-monitor.js :: NetworkEventActorProxy.methodFactory/< :: line 1670"  data: no]
Stack: NetworkEventActorProxy.methodFactory/<@resource://gre/modules/commonjs/toolkit/loader.js -> resource://devtools/shared/webconsole/network-monitor.js:1670:5
exports.makeInfallible/<@resource://gre/modules/commonjs/toolkit/loader.js -> resource://devtools/shared/ThreadSafeDevToolsUtils.js:101:14
_onComplete@resource://gre/modules/commonjs/toolkit/loader.js -> resource://devtools/shared/webconsole/network-monitor.js:628:5
onStreamClose@resource://gre/modules/commonjs/toolkit/loader.js -> resource://devtools/shared/webconsole/network-monitor.js:585:7
onInputStreamReady@resource://gre/modules/commonjs/toolkit/loader.js -> resource://devtools/shared/webconsole/network-monitor.js:676:7
Line: 1670, column: 0
1497690112525	geckodriver	INFO	Listening on 127.0.0.1:46647
1497690113610	geckodriver::marionette	INFO	Starting browser /usr/bin/firefox with args ["-marionette"]

(firefox:7032): Gtk-WARNING **: Theme parsing error: gtk-widgets.css:2045:14: 'min-height' is not a valid property name

(firefox:7032): Gtk-WARNING **: Theme parsing error: gtk-widgets.css:2046:13: 'min-width' is not a valid property name

(firefox:7032): Gtk-WARNING **: Theme parsing error: gtk-widgets.css:2051:13: 'min-width' is not a valid property name

(/usr/lib/firefox/firefox:7095): Gtk-WARNING **: Theme parsing error: gtk-widgets.css:2045:14: 'min-height' is not a valid property name

(/usr/lib/firefox/firefox:7095): Gtk-WARNING **: Theme parsing error: gtk-widgets.css:2046:13: 'min-width' is not a valid property name

(/usr/lib/firefox/firefox:7095): Gtk-WARNING **: Theme parsing error: gtk-widgets.css:2051:13: 'min-width' is not a valid property name
1497690117362	Marionette	INFO	Listening on port 34585
1497690117468	Marionette	WARN	TLS certificate errors will be ignored for this session
1497690234349	geckodriver	INFO	Listening on 127.0.0.1:33763
1497690235434	geckodriver::marionette	INFO	Starting browser /usr/bin/firefox with args ["-marionette"]

(firefox:7202): Gtk-WARNING **: Theme parsing error: gtk-widgets.css:2045:14: 'min-height' is not a valid property name

(firefox:7202): Gtk-WARNING **: Theme parsing error: gtk-widgets.css:2046:13: 'min-width' is not a valid property name

(firefox:7202): Gtk-WARNING **: Theme parsing error: gtk-widgets.css:2051:13: 'min-width' is not a valid property name

(/usr/lib/firefox/firefox:7263): Gtk-WARNING **: Theme parsing error: gtk-widgets.css:2045:14: 'min-height' is not a valid property name

(/usr/lib/firefox/firefox:7263): Gtk-WARNING **: Theme parsing error: gtk-widgets.css:2046:13: 'min-width' is not a valid property name

(/usr/lib/firefox/firefox:7263): Gtk-WARNING **: Theme parsing error: gtk-widgets.css:2051:13: 'min-width' is not a valid property name
1497690239257	Marionette	INFO	Listening on port 35717
1497690239359	Marionette	WARN	TLS certificate errors will be ignored for this session
1497690352306	geckodriver	INFO	Listening on 127.0.0.1:57257
1497690353390	geckodriver::marionette	INFO	Starting browser /usr/bin/firefox with args ["-marionette"]

(firefox:7353): Gtk-WARNING **: Theme parsing error: gtk-widgets.css:2045:14: 'min-height' is not a valid property name

(firefox:7353): Gtk-WARNING **: Theme parsing error: gtk-widgets.css:2046:13: 'min-width' is not a valid property name

(firefox:7353): Gtk-WARNING **: Theme parsing error: gtk-widgets.css:2051:13: 'min-width' is not a valid property name

(/usr/lib/firefox/firefox:7418): Gtk-WARNING **: Theme parsing error: gtk-widgets.css:2045:14: 'min-height' is not a valid property name

(/usr/lib/firefox/firefox:7418): Gtk-WARNING **: Theme parsing error: gtk-widgets.css:2046:13: 'min-width' is not a valid property name

(/usr/lib/firefox/firefox:7418): Gtk-WARNING **: Theme parsing error: gtk-widgets.css:2051:13: 'min-width' is not a valid property name
1497690357312	Marionette	INFO	Listening on port 34585
1497690357427	Marionette	WARN	TLS certificate errors will be ignored for this session
*************************
A coding exception was thrown and uncaught in a Task.

Full message: TypeError: NetworkError when attempting to fetch resource.
Full stack: 
*************************
*************************
A coding exception was thrown and uncaught in a Task.

Full message: TypeError: NetworkError when attempting to fetch resource.
Full stack: 
*************************
